<?xml version="1.0" encoding="UTF-8"?>
<testsuite xmlns:xsi="http://www.w3.org/2001/XMLSchema-instance" xsi:noNamespaceSchemaLocation="https://maven.apache.org/surefire/maven-surefire-plugin/xsd/surefire-test-report.xsd" name="com.example.demo.DemoApplicationTests" time="2.048" tests="1" errors="0" skipped="0" failures="0">
  <properties>
    <property name="sun.desktop" value="windows"/>
    <property name="awt.toolkit" value="sun.awt.windows.WToolkit"/>
    <property name="java.specification.version" value="11"/>
    <property name="sun.cpu.isalist" value="amd64"/>
    <property name="sun.jnu.encoding" value="GBK"/>
    <property name="java.class.path" value="C:\Users\10194\Desktop\java_study\web_project\demo\target\test-classes;C:\Users\10194\Desktop\java_study\web_project\demo\target\classes;E:\develope\apache-maven-3.6.1-bin\mvn_repo\org\springframework\boot\spring-boot-starter-web\2.7.4\spring-boot-starter-web-2.7.4.jar;E:\develope\apache-maven-3.6.1-bin\mvn_repo\org\springframework\boot\spring-boot-starter\2.7.4\spring-boot-starter-2.7.4.jar;E:\develope\apache-maven-3.6.1-bin\mvn_repo\org\springframework\boot\spring-boot\2.7.4\spring-boot-2.7.4.jar;E:\develope\apache-maven-3.6.1-bin\mvn_repo\org\springframework\boot\spring-boot-autoconfigure\2.7.4\spring-boot-autoconfigure-2.7.4.jar;E:\develope\apache-maven-3.6.1-bin\mvn_repo\org\springframework\boot\spring-boot-starter-logging\2.7.4\spring-boot-starter-logging-2.7.4.jar;E:\develope\apache-maven-3.6.1-bin\mvn_repo\ch\qos\logback\logback-classic\1.2.11\logback-classic-1.2.11.jar;E:\develope\apache-maven-3.6.1-bin\mvn_repo\ch\qos\logback\logback-core\1.2.11\logback-core-1.2.11.jar;E:\develope\apache-maven-3.6.1-bin\mvn_repo\org\apache\logging\log4j\log4j-to-slf4j\2.17.2\log4j-to-slf4j-2.17.2.jar;E:\develope\apache-maven-3.6.1-bin\mvn_repo\org\apache\logging\log4j\log4j-api\2.17.2\log4j-api-2.17.2.jar;E:\develope\apache-maven-3.6.1-bin\mvn_repo\org\slf4j\jul-to-slf4j\1.7.36\jul-to-slf4j-1.7.36.jar;E:\develope\apache-maven-3.6.1-bin\mvn_repo\jakarta\annotation\jakarta.annotation-api\1.3.5\jakarta.annotation-api-1.3.5.jar;E:\develope\apache-maven-3.6.1-bin\mvn_repo\org\yaml\snakeyaml\1.30\snakeyaml-1.30.jar;E:\develope\apache-maven-3.6.1-bin\mvn_repo\org\springframework\boot\spring-boot-starter-json\2.7.4\spring-boot-starter-json-2.7.4.jar;E:\develope\apache-maven-3.6.1-bin\mvn_repo\com\fasterxml\jackson\core\jackson-databind\2.13.4\jackson-databind-2.13.4.jar;E:\develope\apache-maven-3.6.1-bin\mvn_repo\com\fasterxml\jackson\core\jackson-annotations\2.13.4\jackson-annotations-2.13.4.jar;E:\develope\apache-maven-3.6.1-bin\mvn_repo\com\fasterxml\jackson\core\jackson-core\2.13.4\jackson-core-2.13.4.jar;E:\develope\apache-maven-3.6.1-bin\mvn_repo\com\fasterxml\jackson\datatype\jackson-datatype-jdk8\2.13.4\jackson-datatype-jdk8-2.13.4.jar;E:\develope\apache-maven-3.6.1-bin\mvn_repo\com\fasterxml\jackson\datatype\jackson-datatype-jsr310\2.13.4\jackson-datatype-jsr310-2.13.4.jar;E:\develope\apache-maven-3.6.1-bin\mvn_repo\com\fasterxml\jackson\module\jackson-module-parameter-names\2.13.4\jackson-module-parameter-names-2.13.4.jar;E:\develope\apache-maven-3.6.1-bin\mvn_repo\org\springframework\boot\spring-boot-starter-tomcat\2.7.4\spring-boot-starter-tomcat-2.7.4.jar;E:\develope\apache-maven-3.6.1-bin\mvn_repo\org\apache\tomcat\embed\tomcat-embed-core\9.0.65\tomcat-embed-core-9.0.65.jar;E:\develope\apache-maven-3.6.1-bin\mvn_repo\org\apache\tomcat\embed\tomcat-embed-el\9.0.65\tomcat-embed-el-9.0.65.jar;E:\develope\apache-maven-3.6.1-bin\mvn_repo\org\apache\tomcat\embed\tomcat-embed-websocket\9.0.65\tomcat-embed-websocket-9.0.65.jar;E:\develope\apache-maven-3.6.1-bin\mvn_repo\org\springframework\spring-web\5.3.23\spring-web-5.3.23.jar;E:\develope\apache-maven-3.6.1-bin\mvn_repo\org\springframework\spring-beans\5.3.23\spring-beans-5.3.23.jar;E:\develope\apache-maven-3.6.1-bin\mvn_repo\org\springframework\spring-webmvc\5.3.23\spring-webmvc-5.3.23.jar;E:\develope\apache-maven-3.6.1-bin\mvn_repo\org\springframework\spring-aop\5.3.23\spring-aop-5.3.23.jar;E:\develope\apache-maven-3.6.1-bin\mvn_repo\org\springframework\spring-context\5.3.23\spring-context-5.3.23.jar;E:\develope\apache-maven-3.6.1-bin\mvn_repo\org\springframework\spring-expression\5.3.23\spring-expression-5.3.23.jar;E:\develope\apache-maven-3.6.1-bin\mvn_repo\org\springframework\boot\spring-boot-starter-test\2.7.4\spring-boot-starter-test-2.7.4.jar;E:\develope\apache-maven-3.6.1-bin\mvn_repo\org\springframework\boot\spring-boot-test\2.7.4\spring-boot-test-2.7.4.jar;E:\develope\apache-maven-3.6.1-bin\mvn_repo\org\springframework\boot\spring-boot-test-autoconfigure\2.7.4\spring-boot-test-autoconfigure-2.7.4.jar;E:\develope\apache-maven-3.6.1-bin\mvn_repo\com\jayway\jsonpath\json-path\2.7.0\json-path-2.7.0.jar;E:\develope\apache-maven-3.6.1-bin\mvn_repo\net\minidev\json-smart\2.4.8\json-smart-2.4.8.jar;E:\develope\apache-maven-3.6.1-bin\mvn_repo\net\minidev\accessors-smart\2.4.8\accessors-smart-2.4.8.jar;E:\develope\apache-maven-3.6.1-bin\mvn_repo\org\ow2\asm\asm\9.1\asm-9.1.jar;E:\develope\apache-maven-3.6.1-bin\mvn_repo\org\slf4j\slf4j-api\1.7.36\slf4j-api-1.7.36.jar;E:\develope\apache-maven-3.6.1-bin\mvn_repo\jakarta\xml\bind\jakarta.xml.bind-api\2.3.3\jakarta.xml.bind-api-2.3.3.jar;E:\develope\apache-maven-3.6.1-bin\mvn_repo\jakarta\activation\jakarta.activation-api\1.2.2\jakarta.activation-api-1.2.2.jar;E:\develope\apache-maven-3.6.1-bin\mvn_repo\org\assertj\assertj-core\3.22.0\assertj-core-3.22.0.jar;E:\develope\apache-maven-3.6.1-bin\mvn_repo\org\hamcrest\hamcrest\2.2\hamcrest-2.2.jar;E:\develope\apache-maven-3.6.1-bin\mvn_repo\org\junit\jupiter\junit-jupiter\5.8.2\junit-jupiter-5.8.2.jar;E:\develope\apache-maven-3.6.1-bin\mvn_repo\org\junit\jupiter\junit-jupiter-api\5.8.2\junit-jupiter-api-5.8.2.jar;E:\develope\apache-maven-3.6.1-bin\mvn_repo\org\opentest4j\opentest4j\1.2.0\opentest4j-1.2.0.jar;E:\develope\apache-maven-3.6.1-bin\mvn_repo\org\junit\platform\junit-platform-commons\1.8.2\junit-platform-commons-1.8.2.jar;E:\develope\apache-maven-3.6.1-bin\mvn_repo\org\apiguardian\apiguardian-api\1.1.2\apiguardian-api-1.1.2.jar;E:\develope\apache-maven-3.6.1-bin\mvn_repo\org\junit\jupiter\junit-jupiter-params\5.8.2\junit-jupiter-params-5.8.2.jar;E:\develope\apache-maven-3.6.1-bin\mvn_repo\org\junit\jupiter\junit-jupiter-engine\5.8.2\junit-jupiter-engine-5.8.2.jar;E:\develope\apache-maven-3.6.1-bin\mvn_repo\org\junit\platform\junit-platform-engine\1.8.2\junit-platform-engine-1.8.2.jar;E:\develope\apache-maven-3.6.1-bin\mvn_repo\org\mockito\mockito-core\4.5.1\mockito-core-4.5.1.jar;E:\develope\apache-maven-3.6.1-bin\mvn_repo\net\bytebuddy\byte-buddy\1.12.17\byte-buddy-1.12.17.jar;E:\develope\apache-maven-3.6.1-bin\mvn_repo\net\bytebuddy\byte-buddy-agent\1.12.17\byte-buddy-agent-1.12.17.jar;E:\develope\apache-maven-3.6.1-bin\mvn_repo\org\objenesis\objenesis\3.2\objenesis-3.2.jar;E:\develope\apache-maven-3.6.1-bin\mvn_repo\org\mockito\mockito-junit-jupiter\4.5.1\mockito-junit-jupiter-4.5.1.jar;E:\develope\apache-maven-3.6.1-bin\mvn_repo\org\skyscreamer\jsonassert\1.5.1\jsonassert-1.5.1.jar;E:\develope\apache-maven-3.6.1-bin\mvn_repo\com\vaadin\external\google\android-json\0.0.20131108.vaadin1\android-json-0.0.20131108.vaadin1.jar;E:\develope\apache-maven-3.6.1-bin\mvn_repo\org\springframework\spring-core\5.3.23\spring-core-5.3.23.jar;E:\develope\apache-maven-3.6.1-bin\mvn_repo\org\springframework\spring-jcl\5.3.23\spring-jcl-5.3.23.jar;E:\develope\apache-maven-3.6.1-bin\mvn_repo\org\springframework\spring-test\5.3.23\spring-test-5.3.23.jar;E:\develope\apache-maven-3.6.1-bin\mvn_repo\org\xmlunit\xmlunit-core\2.9.0\xmlunit-core-2.9.0.jar;"/>
    <property name="java.vm.vendor" value="JetBrains s.r.o"/>
    <property name="sun.arch.data.model" value="64"/>
    <property name="user.variant" value=""/>
    <property name="java.vendor.url" value="https://www.jetbrains.com/"/>
    <property name="user.timezone" value="Asia/Shanghai"/>
    <property name="java.vm.specification.version" value="11"/>
    <property name="os.name" value="Windows 10"/>
    <property name="sun.java.launcher" value="SUN_STANDARD"/>
    <property name="user.country" value="CN"/>
    <property name="sun.boot.library.path" value="E:\IDEAUtilmate\IntelliJ IDEA 2019.3.3\jbr\bin"/>
    <property name="sun.java.command" value="C:\Users\10194\AppData\Local\Temp\surefire13097328739703195220\surefirebooter2258065309816690861.jar C:\Users\10194\AppData\Local\Temp\surefire13097328739703195220 2024-01-14T10-30-58_874-jvmRun1 surefire15249675970204075242tmp surefire_01286529931025058878tmp"/>
    <property name="jdk.debug" value="release"/>
    <property name="surefire.test.class.path" value="C:\Users\10194\Desktop\java_study\web_project\demo\target\test-classes;C:\Users\10194\Desktop\java_study\web_project\demo\target\classes;E:\develope\apache-maven-3.6.1-bin\mvn_repo\org\springframework\boot\spring-boot-starter-web\2.7.4\spring-boot-starter-web-2.7.4.jar;E:\develope\apache-maven-3.6.1-bin\mvn_repo\org\springframework\boot\spring-boot-starter\2.7.4\spring-boot-starter-2.7.4.jar;E:\develope\apache-maven-3.6.1-bin\mvn_repo\org\springframework\boot\spring-boot\2.7.4\spring-boot-2.7.4.jar;E:\develope\apache-maven-3.6.1-bin\mvn_repo\org\springframework\boot\spring-boot-autoconfigure\2.7.4\spring-boot-autoconfigure-2.7.4.jar;E:\develope\apache-maven-3.6.1-bin\mvn_repo\org\springframework\boot\spring-boot-starter-logging\2.7.4\spring-boot-starter-logging-2.7.4.jar;E:\develope\apache-maven-3.6.1-bin\mvn_repo\ch\qos\logback\logback-classic\1.2.11\logback-classic-1.2.11.jar;E:\develope\apache-maven-3.6.1-bin\mvn_repo\ch\qos\logback\logback-core\1.2.11\logback-core-1.2.11.jar;E:\develope\apache-maven-3.6.1-bin\mvn_repo\org\apache\logging\log4j\log4j-to-slf4j\2.17.2\log4j-to-slf4j-2.17.2.jar;E:\develope\apache-maven-3.6.1-bin\mvn_repo\org\apache\logging\log4j\log4j-api\2.17.2\log4j-api-2.17.2.jar;E:\develope\apache-maven-3.6.1-bin\mvn_repo\org\slf4j\jul-to-slf4j\1.7.36\jul-to-slf4j-1.7.36.jar;E:\develope\apache-maven-3.6.1-bin\mvn_repo\jakarta\annotation\jakarta.annotation-api\1.3.5\jakarta.annotation-api-1.3.5.jar;E:\develope\apache-maven-3.6.1-bin\mvn_repo\org\yaml\snakeyaml\1.30\snakeyaml-1.30.jar;E:\develope\apache-maven-3.6.1-bin\mvn_repo\org\springframework\boot\spring-boot-starter-json\2.7.4\spring-boot-starter-json-2.7.4.jar;E:\develope\apache-maven-3.6.1-bin\mvn_repo\com\fasterxml\jackson\core\jackson-databind\2.13.4\jackson-databind-2.13.4.jar;E:\develope\apache-maven-3.6.1-bin\mvn_repo\com\fasterxml\jackson\core\jackson-annotations\2.13.4\jackson-annotations-2.13.4.jar;E:\develope\apache-maven-3.6.1-bin\mvn_repo\com\fasterxml\jackson\core\jackson-core\2.13.4\jackson-core-2.13.4.jar;E:\develope\apache-maven-3.6.1-bin\mvn_repo\com\fasterxml\jackson\datatype\jackson-datatype-jdk8\2.13.4\jackson-datatype-jdk8-2.13.4.jar;E:\develope\apache-maven-3.6.1-bin\mvn_repo\com\fasterxml\jackson\datatype\jackson-datatype-jsr310\2.13.4\jackson-datatype-jsr310-2.13.4.jar;E:\develope\apache-maven-3.6.1-bin\mvn_repo\com\fasterxml\jackson\module\jackson-module-parameter-names\2.13.4\jackson-module-parameter-names-2.13.4.jar;E:\develope\apache-maven-3.6.1-bin\mvn_repo\org\springframework\boot\spring-boot-starter-tomcat\2.7.4\spring-boot-starter-tomcat-2.7.4.jar;E:\develope\apache-maven-3.6.1-bin\mvn_repo\org\apache\tomcat\embed\tomcat-embed-core\9.0.65\tomcat-embed-core-9.0.65.jar;E:\develope\apache-maven-3.6.1-bin\mvn_repo\org\apache\tomcat\embed\tomcat-embed-el\9.0.65\tomcat-embed-el-9.0.65.jar;E:\develope\apache-maven-3.6.1-bin\mvn_repo\org\apache\tomcat\embed\tomcat-embed-websocket\9.0.65\tomcat-embed-websocket-9.0.65.jar;E:\develope\apache-maven-3.6.1-bin\mvn_repo\org\springframework\spring-web\5.3.23\spring-web-5.3.23.jar;E:\develope\apache-maven-3.6.1-bin\mvn_repo\org\springframework\spring-beans\5.3.23\spring-beans-5.3.23.jar;E:\develope\apache-maven-3.6.1-bin\mvn_repo\org\springframework\spring-webmvc\5.3.23\spring-webmvc-5.3.23.jar;E:\develope\apache-maven-3.6.1-bin\mvn_repo\org\springframework\spring-aop\5.3.23\spring-aop-5.3.23.jar;E:\develope\apache-maven-3.6.1-bin\mvn_repo\org\springframework\spring-context\5.3.23\spring-context-5.3.23.jar;E:\develope\apache-maven-3.6.1-bin\mvn_repo\org\springframework\spring-expression\5.3.23\spring-expression-5.3.23.jar;E:\develope\apache-maven-3.6.1-bin\mvn_repo\org\springframework\boot\spring-boot-starter-test\2.7.4\spring-boot-starter-test-2.7.4.jar;E:\develope\apache-maven-3.6.1-bin\mvn_repo\org\springframework\boot\spring-boot-test\2.7.4\spring-boot-test-2.7.4.jar;E:\develope\apache-maven-3.6.1-bin\mvn_repo\org\springframework\boot\spring-boot-test-autoconfigure\2.7.4\spring-boot-test-autoconfigure-2.7.4.jar;E:\develope\apache-maven-3.6.1-bin\mvn_repo\com\jayway\jsonpath\json-path\2.7.0\json-path-2.7.0.jar;E:\develope\apache-maven-3.6.1-bin\mvn_repo\net\minidev\json-smart\2.4.8\json-smart-2.4.8.jar;E:\develope\apache-maven-3.6.1-bin\mvn_repo\net\minidev\accessors-smart\2.4.8\accessors-smart-2.4.8.jar;E:\develope\apache-maven-3.6.1-bin\mvn_repo\org\ow2\asm\asm\9.1\asm-9.1.jar;E:\develope\apache-maven-3.6.1-bin\mvn_repo\org\slf4j\slf4j-api\1.7.36\slf4j-api-1.7.36.jar;E:\develope\apache-maven-3.6.1-bin\mvn_repo\jakarta\xml\bind\jakarta.xml.bind-api\2.3.3\jakarta.xml.bind-api-2.3.3.jar;E:\develope\apache-maven-3.6.1-bin\mvn_repo\jakarta\activation\jakarta.activation-api\1.2.2\jakarta.activation-api-1.2.2.jar;E:\develope\apache-maven-3.6.1-bin\mvn_repo\org\assertj\assertj-core\3.22.0\assertj-core-3.22.0.jar;E:\develope\apache-maven-3.6.1-bin\mvn_repo\org\hamcrest\hamcrest\2.2\hamcrest-2.2.jar;E:\develope\apache-maven-3.6.1-bin\mvn_repo\org\junit\jupiter\junit-jupiter\5.8.2\junit-jupiter-5.8.2.jar;E:\develope\apache-maven-3.6.1-bin\mvn_repo\org\junit\jupiter\junit-jupiter-api\5.8.2\junit-jupiter-api-5.8.2.jar;E:\develope\apache-maven-3.6.1-bin\mvn_repo\org\opentest4j\opentest4j\1.2.0\opentest4j-1.2.0.jar;E:\develope\apache-maven-3.6.1-bin\mvn_repo\org\junit\platform\junit-platform-commons\1.8.2\junit-platform-commons-1.8.2.jar;E:\develope\apache-maven-3.6.1-bin\mvn_repo\org\apiguardian\apiguardian-api\1.1.2\apiguardian-api-1.1.2.jar;E:\develope\apache-maven-3.6.1-bin\mvn_repo\org\junit\jupiter\junit-jupiter-params\5.8.2\junit-jupiter-params-5.8.2.jar;E:\develope\apache-maven-3.6.1-bin\mvn_repo\org\junit\jupiter\junit-jupiter-engine\5.8.2\junit-jupiter-engine-5.8.2.jar;E:\develope\apache-maven-3.6.1-bin\mvn_repo\org\junit\platform\junit-platform-engine\1.8.2\junit-platform-engine-1.8.2.jar;E:\develope\apache-maven-3.6.1-bin\mvn_repo\org\mockito\mockito-core\4.5.1\mockito-core-4.5.1.jar;E:\develope\apache-maven-3.6.1-bin\mvn_repo\net\bytebuddy\byte-buddy\1.12.17\byte-buddy-1.12.17.jar;E:\develope\apache-maven-3.6.1-bin\mvn_repo\net\bytebuddy\byte-buddy-agent\1.12.17\byte-buddy-agent-1.12.17.jar;E:\develope\apache-maven-3.6.1-bin\mvn_repo\org\objenesis\objenesis\3.2\objenesis-3.2.jar;E:\develope\apache-maven-3.6.1-bin\mvn_repo\org\mockito\mockito-junit-jupiter\4.5.1\mockito-junit-jupiter-4.5.1.jar;E:\develope\apache-maven-3.6.1-bin\mvn_repo\org\skyscreamer\jsonassert\1.5.1\jsonassert-1.5.1.jar;E:\develope\apache-maven-3.6.1-bin\mvn_repo\com\vaadin\external\google\android-json\0.0.20131108.vaadin1\android-json-0.0.20131108.vaadin1.jar;E:\develope\apache-maven-3.6.1-bin\mvn_repo\org\springframework\spring-core\5.3.23\spring-core-5.3.23.jar;E:\develope\apache-maven-3.6.1-bin\mvn_repo\org\springframework\spring-jcl\5.3.23\spring-jcl-5.3.23.jar;E:\develope\apache-maven-3.6.1-bin\mvn_repo\org\springframework\spring-test\5.3.23\spring-test-5.3.23.jar;E:\develope\apache-maven-3.6.1-bin\mvn_repo\org\xmlunit\xmlunit-core\2.9.0\xmlunit-core-2.9.0.jar;"/>
    <property name="sun.cpu.endian" value="little"/>
    <property name="user.home" value="C:\Users\10194"/>
    <property name="user.language" value="zh"/>
    <property name="java.specification.vendor" value="Oracle Corporation"/>
    <property name="java.version.date" value="2019-10-15"/>
    <property name="java.home" value="E:\IDEAUtilmate\IntelliJ IDEA 2019.3.3\jbr"/>
    <property name="file.separator" value="\"/>
    <property name="basedir" value="C:\Users\10194\Desktop\java_study\web_project\demo"/>
    <property name="java.vm.compressedOopsMode" value="Zero based"/>
    <property name="line.separator" value="&#10;"/>
    <property name="java.specification.name" value="Java Platform API Specification"/>
    <property name="java.vm.specification.vendor" value="Oracle Corporation"/>
    <property name="java.awt.graphicsenv" value="sun.awt.Win32GraphicsEnvironment"/>
    <property name="surefire.real.class.path" value="C:\Users\10194\AppData\Local\Temp\surefire13097328739703195220\surefirebooter2258065309816690861.jar"/>
    <property name="user.script" value=""/>
    <property name="sun.management.compiler" value="HotSpot 64-Bit Tiered Compilers"/>
    <property name="java.runtime.version" value="11.0.5+10-b520.38"/>
    <property name="user.name" value="10194"/>
    <property name="path.separator" value=";"/>
    <property name="os.version" value="10.0"/>
    <property name="java.runtime.name" value="OpenJDK Runtime Environment"/>
    <property name="file.encoding" value="GBK"/>
    <property name="java.vm.name" value="OpenJDK 64-Bit Server VM"/>
    <property name="localRepository" value="E:\develope\apache-maven-3.6.1-bin\mvn_repo"/>
    <property name="java.vendor.url.bug" value="https://youtrack.jetbrains.com"/>
    <property name="java.io.tmpdir" value="C:\Users\10194\AppData\Local\Temp\"/>
    <property name="java.version" value="11.0.5"/>
    <property name="user.dir" value="C:\Users\10194\Desktop\java_study\web_project\demo"/>
    <property name="os.arch" value="amd64"/>
    <property name="java.vm.specification.name" value="Java Virtual Machine Specification"/>
    <property name="java.awt.printerjob" value="sun.awt.windows.WPrinterJob"/>
    <property name="sun.os.patch.level" value=""/>
    <property name="idea.version2019.3.3" value="true"/>
    <property name="java.library.path" value="E:\IDEAUtilmate\IntelliJ IDEA 2019.3.3\jbr\bin;C:\WINDOWS\Sun\Java\bin;C:\WINDOWS\system32;C:\WINDOWS;C:\Program Files\Common Files\Oracle\Java\javapath;C:\Program Files\NVIDIA GPU Computing Toolkit\CUDA\v11.8\bin;C:\Program Files\NVIDIA GPU Computing Toolkit\CUDA\v11.8\libnvvp;C:\WINDOWS\system32;C:\WINDOWS;C:\WINDOWS\System32\Wbem;C:\WINDOWS\System32\WindowsPowerShell\v1.0\;C:\WINDOWS\System32\OpenSSH\;C:\Program Files\dotnet\;C:\Program Files\Git\cmd;C:\Program Files (x86)\NVIDIA Corporation\PhysX\Common;C:\Program Files\NVIDIA Corporation\NVIDIA NvDLISR;C:\Program Files\NVIDIA Corporation\Nsight Compute 2022.3.0\;E:\nodejs\;E:\\nodejs\\NodeJS;E:\develope\apache-maven-3.6.1-bin\bin;C:\Users\10194\AppData\Local\Programs\Python\Python310\Scripts\;C:\Users\10194\AppData\Local\Programs\Python\Python310\;C:\Users\10194\AppData\Local\Microsoft\WindowsApps;C:\Users\10194\AppData\Local\Programs\Microsoft VS Code\bin;E:\qq_game\QQGameTempest\Hall.57938\;C:\Users\10194\AppData\Roaming\npm;."/>
    <property name="java.vendor" value="JetBrains s.r.o"/>
    <property name="java.vm.info" value="mixed mode, sharing"/>
    <property name="java.vm.version" value="11.0.5+10-b520.38"/>
    <property name="sun.io.unicode.encoding" value="UnicodeLittle"/>
    <property name="java.class.version" value="55.0"/>
  </properties>
  <testcase name="contextLoads" classname="com.example.demo.DemoApplicationTests" time="0.253"/>
</testsuite>